<?xml version="1.0" encoding="UTF-8"?>
<testsuite name="com.casino.common.util.UtilTests" tests="1" skipped="0" failures="0" errors="0" timestamp="2023-03-01T13:58:22" hostname="lab-node02" time="0.19">
  <properties/>
  <testcase name="Common Simple Date Formatter" classname="com.casino.common.util.UtilTests" time="0.19"/>
  <system-out><![CDATA[13:58:21.748 [Test worker] DEBUG org.springframework.boot.test.context.SpringBootTestContextBootstrapper - Neither @ContextConfiguration nor @ContextHierarchy found for test class [UtilTests]: using SpringBootContextLoader
13:58:21.752 [Test worker] DEBUG org.springframework.test.context.support.AbstractContextLoader - Could not detect default resource locations for test class [com.casino.common.util.UtilTests]: no resource found for suffixes {-context.xml, Context.groovy}.
13:58:21.752 [Test worker] INFO org.springframework.test.context.support.AnnotationConfigContextLoaderUtils - Could not detect default configuration classes for test class [com.casino.common.util.UtilTests]: UtilTests does not declare any static, non-private, non-final, nested classes annotated with @Configuration.
13:58:21.766 [Test worker] DEBUG org.springframework.boot.test.context.SpringBootTestContextBootstrapper - Using ContextCustomizers for test class [UtilTests]: [DisableObservabilityContextCustomizer, PropertyMappingContextCustomizer, Customizer, ExcludeFilterContextCustomizer, DuplicateJsonObjectContextCustomizer, MockitoContextCustomizer, TestRestTemplateContextCustomizer]
13:58:21.800 [Test worker] DEBUG org.springframework.context.annotation.ClassPathScanningCandidateComponentProvider - Identified candidate component class: file [/home/davide/workspaces/king/casino-api/src/library/build/classes/java/main/com/casino/common/Application.class]
13:58:21.801 [Test worker] INFO org.springframework.boot.test.context.SpringBootTestContextBootstrapper - Found @SpringBootConfiguration com.casino.common.Application for test class com.casino.common.util.UtilTests
13:58:21.839 [Test worker] DEBUG org.springframework.test.context.util.TestContextSpringFactoriesUtils - Skipping candidate TestExecutionListener [org.springframework.test.context.web.ServletTestExecutionListener] due to a missing dependency. Specify custom TestExecutionListener classes or make the default TestExecutionListener classes and their required dependencies available. Offending class: [jakarta/servlet/ServletContext]
13:58:21.845 [Test worker] DEBUG org.springframework.test.context.util.TestContextSpringFactoriesUtils - Skipping candidate TestExecutionListener [org.springframework.test.context.transaction.TransactionalTestExecutionListener] due to a missing dependency. Specify custom TestExecutionListener classes or make the default TestExecutionListener classes and their required dependencies available. Offending class: [org/springframework/transaction/interceptor/TransactionAttributeSource]
13:58:21.846 [Test worker] DEBUG org.springframework.test.context.util.TestContextSpringFactoriesUtils - Skipping candidate TestExecutionListener [org.springframework.test.context.jdbc.SqlScriptsTestExecutionListener] due to a missing dependency. Specify custom TestExecutionListener classes or make the default TestExecutionListener classes and their required dependencies available. Offending class: [org/springframework/transaction/interceptor/TransactionAttribute]
13:58:21.847 [Test worker] DEBUG org.springframework.boot.test.context.SpringBootTestContextBootstrapper - Using TestExecutionListeners for test class [UtilTests]: [DirtiesContextBeforeModesTestExecutionListener, ApplicationEventsTestExecutionListener, MockitoTestExecutionListener, DependencyInjectionTestExecutionListener, DirtiesContextTestExecutionListener, EventPublishingTestExecutionListener, RestDocsTestExecutionListener, MockRestServiceServerResetTestExecutionListener, MockMvcPrintOnlyOnFailureTestExecutionListener, WebDriverTestExecutionListener, MockWebServiceServerTestExecutionListener, ResetMocksTestExecutionListener]
13:58:21.848 [Test worker] DEBUG org.springframework.test.context.support.AbstractDirtiesContextTestExecutionListener - Before test class: class [UtilTests], class annotated with @DirtiesContext [false] with mode [null]
13:58:21.855 [Test worker] DEBUG org.springframework.test.context.support.DependencyInjectionTestExecutionListener - Performing dependency injection for test class com.casino.common.util.UtilTests

  .   ____          _            __ _ _
 /\\ / ___'_ __ _ _(_)_ __  __ _ \ \ \ \
( ( )\___ | '_ | '_| | '_ \/ _` | \ \ \ \
 \\/  ___)| |_)| | | | | || (_| |  ) ) ) )
  '  |____| .__|_| |_|_| |_\__, | / / / /
 =========|_|==============|___/=/_/_/_/
 :: Spring Boot ::                (v3.0.3)

2023-03-01T13:58:21.988Z  INFO 114720 --- [    Test worker] com.casino.common.util.UtilTests         : Starting UtilTests using Java 17.0.6 with PID 114720 (started by davide in /home/davide/workspaces/king/casino-api/src/library)
2023-03-01T13:58:21.989Z  INFO 114720 --- [    Test worker] com.casino.common.util.UtilTests         : No active profile set, falling back to 1 default profile: "default"
2023-03-01T13:58:22.236Z  INFO 114720 --- [    Test worker] com.casino.common.util.UtilTests         : Started UtilTests in 0.361 seconds (process running for 1.033)
]]></system-out>
  <system-err><![CDATA[]]></system-err>
</testsuite>
